c:\users\michael\source\repos\origamiengine\output\int\x64\release\origami\origami.pch
c:\users\michael\source\repos\origamiengine\output\int\x64\release\origami\origami.pdb
c:\users\michael\source\repos\origamiengine\output\int\x64\release\origami\pch.obj
c:\users\michael\source\repos\origamiengine\output\int\x64\release\origami\render.obj
c:\users\michael\source\repos\origamiengine\output\int\x64\release\origami\sort.obj
c:\users\michael\source\repos\origamiengine\output\int\x64\release\origami\search.obj
c:\users\michael\source\repos\origamiengine\output\int\x64\release\origami\log.obj
c:\users\michael\source\repos\origamiengine\output\int\x64\release\origami\hash.obj
c:\users\michael\source\repos\origamiengine\output\int\x64\release\origami\spritecomponent.obj
c:\users\michael\source\repos\origamiengine\output\int\x64\release\origami\memory.obj
c:\users\michael\source\repos\origamiengine\output\int\x64\release\origami\input.obj
c:\users\michael\source\repos\origamiengine\output\int\x64\release\origami\globalsettings.obj
c:\users\michael\source\repos\origamiengine\output\int\x64\release\origami\game.obj
c:\users\michael\source\repos\origamiengine\output\int\x64\release\origami\filesystem.obj
c:\users\michael\source\repos\origamiengine\output\int\x64\release\origami\thread.obj
c:\users\michael\source\repos\origamiengine\output\int\x64\release\origami\mutex.obj
c:\users\michael\source\repos\origamiengine\output\int\x64\release\origami\assetloader.obj
c:\users\michael\source\repos\origamiengine\output\int\x64\release\origami\asset.obj
c:\users\michael\source\repos\origamiengine\output\int\x64\release\origami\archwin.obj
c:\users\michael\source\repos\origamiengine\output\int\x64\release\origami\animcomponent.obj
c:\users\michael\source\repos\origamiengine\output\int\x64\release\origami\anim.obj
c:\users\michael\source\repos\origamiengine\output\int\x64\release\origami\basecomponent.obj
c:\users\michael\source\repos\origamiengine\output\int\x64\release\origami\actorsystem.obj
c:\users\michael\source\repos\origamiengine\output\int\x64\release\origami\actor.obj
c:\users\michael\source\repos\origamiengine\output\int\x64\release\origami\tlsf.obj
c:\users\michael\source\repos\origamiengine\output\int\x64\release\origami\imgui_widgets.obj
c:\users\michael\source\repos\origamiengine\output\int\x64\release\origami\imgui_tables.obj
c:\users\michael\source\repos\origamiengine\output\int\x64\release\origami\imgui_sdl.obj
c:\users\michael\source\repos\origamiengine\output\int\x64\release\origami\imgui_draw.obj
c:\users\michael\source\repos\origamiengine\output\int\x64\release\origami\imgui_demo.obj
c:\users\michael\source\repos\origamiengine\output\int\x64\release\origami\imgui.obj
c:\users\michael\source\repos\origamiengine\output\x64\release\origami.lib
c:\users\michael\source\repos\origamiengine\output\int\x64\release\origami\origami.tlog\cl.command.1.tlog
c:\users\michael\source\repos\origamiengine\output\int\x64\release\origami\origami.tlog\cl.read.1.tlog
c:\users\michael\source\repos\origamiengine\output\int\x64\release\origami\origami.tlog\cl.write.1.tlog
c:\users\michael\source\repos\origamiengine\output\int\x64\release\origami\origami.tlog\lib-link.read.1.tlog
c:\users\michael\source\repos\origamiengine\output\int\x64\release\origami\origami.tlog\lib-link.write.1.tlog
c:\users\michael\source\repos\origamiengine\output\int\x64\release\origami\origami.tlog\lib.command.1.tlog
