  pch.cpp
  Render.cpp
  Actor.cpp
  ActorSystem.cpp
  BaseComponent.cpp
  Anim.cpp
  AnimComponent.cpp
  ArchWin.cpp
  Asset.cpp
  AssetLoader.cpp
  Mutex.cpp
  Thread.cpp
  Filesystem.cpp
  Game.cpp
  GlobalSettings.cpp
C:\Users\Michael\source\repos\OrigamiEngine\Origami\Game\GlobalSettings.cpp(70,3): error C3861: 'ASSERT_ALWAYS': identifier not found
C:\Users\Michael\source\repos\OrigamiEngine\Origami\Game\GlobalSettings.cpp(103,5): error C3861: 'ASSERT_ALWAYS': identifier not found
  Input.cpp
  Memory.cpp
  SpriteComponent.cpp
  Hash.cpp
  Log.cpp
  Search.cpp
  Sort.cpp
